s:\coding\projects\stremotedebugger\stremotedebugger\debug\vc142.pdb
s:\coding\projects\stremotedebugger\stremotedebugger\debug\main.obj
s:\coding\projects\stremotedebugger\stremotedebugger\debug\form1.obj
s:\coding\projects\stremotedebugger\stremotedebugger\debug\assemblyinfo.obj
s:\coding\projects\stremotedebugger\stremotedebugger\debug\.netframework,version=v4.7.2.assemblyattributes.obj
s:\coding\projects\stremotedebugger\stremotedebugger\debug\helpers.obj
s:\coding\projects\stremotedebugger\stremotedebugger\debug\stremotedebugger.pch
s:\coding\projects\stremotedebugger\stremotedebugger\debug\pch.obj
s:\coding\projects\stremotedebugger\stremotedebugger\debug\debugger.obj
s:\coding\projects\stremotedebugger\debug\stremotedebugger.exe
s:\coding\projects\stremotedebugger\debug\stremotedebugger.pdb
s:\coding\projects\stremotedebugger\stremotedebugger\debug\app.res
s:\coding\projects\stremotedebugger\stremotedebugger\debug\stremotedebugger.form1.resources
s:\coding\projects\stremotedebugger\stremotedebugger\debug\stremotedebugger.tlog\cl.command.1.tlog
s:\coding\projects\stremotedebugger\stremotedebugger\debug\stremotedebugger.tlog\cl.read.1.tlog
s:\coding\projects\stremotedebugger\stremotedebugger\debug\stremotedebugger.tlog\cl.write.1.tlog
s:\coding\projects\stremotedebugger\stremotedebugger\debug\stremotedebugger.tlog\link.command.1.tlog
s:\coding\projects\stremotedebugger\stremotedebugger\debug\stremotedebugger.tlog\link.read.1.tlog
s:\coding\projects\stremotedebugger\stremotedebugger\debug\stremotedebugger.tlog\link.write.1.tlog
s:\coding\projects\stremotedebugger\stremotedebugger\debug\stremotedebugger.tlog\metagen.read.1.tlog
s:\coding\projects\stremotedebugger\stremotedebugger\debug\stremotedebugger.tlog\metagen.write.1.tlog
s:\coding\projects\stremotedebugger\stremotedebugger\debug\stremotedebugger.tlog\rc.command.1.tlog
s:\coding\projects\stremotedebugger\stremotedebugger\debug\stremotedebugger.tlog\rc.read.1.tlog
s:\coding\projects\stremotedebugger\stremotedebugger\debug\stremotedebugger.tlog\rc.write.1.tlog
s:\coding\projects\stremotedebugger\stremotedebugger\debug\stremotedebugger.tlog\stremotedebugger.write.1u.tlog
